{"logTime": "1218/234125", "correlationVector":"6fiBj6UUQANA6LAP791o8h.1","action":"SyncServerConnectionManagerRequest", "result":"SYNC_SERVER_OK", "context":{"environment":"Prod_EastUS2_000e", "migrationStage":"NotStarted", "server":"GENERAL0100000E"}}
{"logTime": "1218/234125", "correlationVector":"5KvzCt3bM5IicT3pvrHQ1o","action":"SyncServerConnectionManagerRequest", "result":"SYNC_SERVER_OK", "context":{"environment":"", "migrationStage":"", "server":""}}
{"logTime": "1218/234125", "correlationVector":"6fiBj6UUQANA6LAP791o8h","action":"Initial GetUpdates", "result":"", "context":Reason: NEW_CLIENT. cV=6fiBj6UUQANA6LAP791o8h}
{"logTime": "1218/234125", "correlationVector":"6fiBj6UUQANA6LAP791o8h.2","action":"GetUpdates Response", "result":"Success", "context":Received 1 update(s). cV=6fiBj6UUQANA6LAP791o8h.0;server=GENERAL0100000E;cloudType=Consumer;environment=Prod_EastUS2_000e;migrationStage=NotStarted}
{"logTime": "1218/234125", "correlationVector":"BfTPpqqONaT7iCPWsCU0hs","action":"Initial GetUpdates", "result":"", "context":Reason: NEWLY_SUPPORTED_DATATYPE. cV=BfTPpqqONaT7iCPWsCU0hs}
{"logTime": "1218/234127", "correlationVector":"BfTPpqqONaT7iCPWsCU0hs.1","action":"SyncServerConnectionManagerRequest", "result":"SYNC_SERVER_OK", "context":{"environment":"Prod_EastUS2_000e", "migrationStage":"NotStarted", "server":"GENERAL01000028"}}
{"logTime": "1218/234127", "correlationVector":"BfTPpqqONaT7iCPWsCU0hs.2","action":"GetUpdates", "result":"DeleteReceived", "context":{"id":"edc49459-6d98-4305-b421-ddf15b293c68", "isDeleted:":"true", "version":"1706017086152"}}
{"logTime": "1218/234127", "correlationVector":"BfTPpqqONaT7iCPWsCU0hs.3","action":"GetUpdates", "result":"DeleteReceived", "context":{"id":"f5b14d15-3992-44ec-afac-6d19204477e8", "isDeleted:":"true", "version":"1706273388976"}}
{"logTime": "1218/234127", "correlationVector":"BfTPpqqONaT7iCPWsCU0hs.4","action":"GetUpdates", "result":"DeleteReceived", "context":{"id":"a1670beb-6edd-4c3c-92be-a422ab293002", "isDeleted:":"true", "version":"1706273395063"}}
{"logTime": "1218/234127", "correlationVector":"BfTPpqqONaT7iCPWsCU0hs.5","action":"GetUpdates", "result":"DeleteReceived", "context":{"id":"97106a99-8879-49e2-8e43-1e6f378288f6", "isDeleted:":"true", "version":"1707140711848"}}
{"logTime": "1218/234127", "correlationVector":"BfTPpqqONaT7iCPWsCU0hs.6","action":"GetUpdates", "result":"DeleteReceived", "context":{"id":"efc4224d-2407-4f74-a78e-7552e3a39c7a", "isDeleted:":"true", "version":"1707140713198"}}
{"logTime": "1218/234127", "correlationVector":"BfTPpqqONaT7iCPWsCU0hs.7","action":"GetUpdates", "result":"DeleteReceived", "context":{"id":"35348dc6-61ec-45a2-a763-33eddab002c5", "isDeleted:":"true", "version":"1707140749095"}}
{"logTime": "1218/234127", "correlationVector":"BfTPpqqONaT7iCPWsCU0hs.8","action":"GetUpdates", "result":"DeleteReceived", "context":{"id":"7a1aa54d-a242-4282-b81b-c201b0020093", "isDeleted:":"true", "version":"1707247100114"}}
{"logTime": "1218/234127", "correlationVector":"BfTPpqqONaT7iCPWsCU0hs.9","action":"GetUpdates", "result":"DeleteReceived", "context":{"id":"8e45d86d-6ff3-4af3-aa6c-11a0dddc3de4", "isDeleted:":"true", "version":"1707247101136"}}
{"logTime": "1218/234127", "correlationVector":"BfTPpqqONaT7iCPWsCU0hs.10","action":"GetUpdates", "result":"DeleteReceived", "context":{"id":"55ee9d71-b2b5-41c3-a736-190e0aa7d1ff", "isDeleted:":"true", "version":"1707247102140"}}
{"logTime": "1218/234127", "correlationVector":"BfTPpqqONaT7iCPWsCU0hs.11","action":"GetUpdates", "result":"DeleteReceived", "context":{"id":"b525c4d2-235e-437d-b03e-bf7ca1de86c2", "isDeleted:":"true", "version":"1707247114878"}}
{"logTime": "1218/234127", "correlationVector":"BfTPpqqONaT7iCPWsCU0hs.12","action":"GetUpdates", "result":"DeleteReceived", "context":{"id":"edc14bb8-3977-4a6a-97a8-863f27124f97", "isDeleted:":"true", "version":"1709171000515"}}
{"logTime": "1218/234127", "correlationVector":"BfTPpqqONaT7iCPWsCU0hs.13","action":"GetUpdates", "result":"DeleteReceived", "context":{"id":"9ddab27c-a253-4afd-acfb-d8e18a5e3292", "isDeleted:":"true", "version":"1709833565427"}}
{"logTime": "1218/234127", "correlationVector":"BfTPpqqONaT7iCPWsCU0hs.14","action":"GetUpdates", "result":"DeleteReceived", "context":{"id":"af7190bc-41b5-4c87-891a-785cadf4cadc", "isDeleted:":"true", "version":"1710350823299"}}
{"logTime": "1218/234127", "correlationVector":"BfTPpqqONaT7iCPWsCU0hs.15","action":"GetUpdates", "result":"DeleteReceived", "context":{"id":"7ad57cb5-87b7-4914-8693-08bdbfaf4653", "isDeleted:":"true", "version":"1710350824273"}}
{"logTime": "1218/234127", "correlationVector":"BfTPpqqONaT7iCPWsCU0hs.16","action":"GetUpdates", "result":"DeleteReceived", "context":{"id":"df35ab89-85ed-43c8-bfbe-2b7033000426", "isDeleted:":"true", "version":"1710350850856"}}
{"logTime": "1218/234127", "correlationVector":"BfTPpqqONaT7iCPWsCU0hs.17","action":"GetUpdates", "result":"DeleteReceived", "context":{"id":"0c0a3347-21cd-4a9e-945f-8127acd68ae1", "isDeleted:":"true", "version":"1710516600505"}}
{"logTime": "1218/234127", "correlationVector":"BfTPpqqONaT7iCPWsCU0hs.18","action":"GetUpdates", "result":"DeleteReceived", "context":{"id":"9d8c08ef-5a5a-4afb-ba28-f67cc6081c3d", "isDeleted:":"true", "version":"1710869904579"}}
{"logTime": "1218/234127", "correlationVector":"BfTPpqqONaT7iCPWsCU0hs.19","action":"GetUpdates", "result":"DeleteReceived", "context":{"id":"3c71db43-f338-4b06-b21b-c85b23dfd1b9", "isDeleted:":"true", "version":"1710870062892"}}
{"logTime": "1218/234127", "correlationVector":"BfTPpqqONaT7iCPWsCU0hs.20","action":"GetUpdates", "result":"DeleteReceived", "context":{"id":"f3a5d711-8a99-412e-87d2-f9221271c0b9", "isDeleted:":"true", "version":"1710870067717"}}
{"logTime": "1218/234127", "correlationVector":"BfTPpqqONaT7iCPWsCU0hs.21","action":"GetUpdates", "result":"DeleteReceived", "context":{"id":"45c7e865-d317-4280-af6c-0e0d084fed1c", "isDeleted:":"true", "version":"1710870101154"}}
{"logTime": "1218/234127", "correlationVector":"BfTPpqqONaT7iCPWsCU0hs.22","action":"GetUpdates", "result":"DeleteReceived", "context":{"id":"bdb78b3b-23a7-415e-9f5f-a2f50cacf262", "isDeleted:":"true", "version":"1710870102229"}}
{"logTime": "1218/234127", "correlationVector":"BfTPpqqONaT7iCPWsCU0hs.23","action":"GetUpdates", "result":"DeleteReceived", "context":{"id":"e3e29031-e19b-4dfe-b97b-6dec9e7c460f", "isDeleted:":"true", "version":"1710870110829"}}
{"logTime": "1218/234127", "correlationVector":"BfTPpqqONaT7iCPWsCU0hs.24","action":"GetUpdates", "result":"DeleteReceived", "context":{"id":"f22f3195-b307-4b42-875a-70a5e05346e2", "isDeleted:":"true", "version":"1711138673739"}}
{"logTime": "1218/234127", "correlationVector":"BfTPpqqONaT7iCPWsCU0hs.25","action":"GetUpdates", "result":"DeleteReceived", "context":{"id":"5583e325-782d-4417-9d54-e9acbc3875a0", "isDeleted:":"true", "version":"1711473079297"}}
{"logTime": "1218/234127", "correlationVector":"BfTPpqqONaT7iCPWsCU0hs.26","action":"GetUpdates", "result":"DeleteReceived", "context":{"id":"e8a89a9f-9194-40d8-8875-777069984395", "isDeleted:":"true", "version":"1711473080275"}}
{"logTime": "1218/234127", "correlationVector":"BfTPpqqONaT7iCPWsCU0hs.27","action":"GetUpdates", "result":"DeleteReceived", "context":{"id":"2e1ad1e9-91b7-4186-9751-99edc70fa7a9", "isDeleted:":"true", "version":"1711473141936"}}
{"logTime": "1218/234127", "correlationVector":"BfTPpqqONaT7iCPWsCU0hs.28","action":"GetUpdates", "result":"DeleteReceived", "context":{"id":"331b335d-b34f-42b9-8315-82dc191bee7d", "isDeleted:":"true", "version":"1712322175487"}}
{"logTime": "1218/234127", "correlationVector":"BfTPpqqONaT7iCPWsCU0hs.29","action":"GetUpdates", "result":"DeleteReceived", "context":{"id":"42aca8fa-ce54-467d-ab62-5fe8632dd998", "isDeleted:":"true", "version":"1712322176601"}}
{"logTime": "1218/234127", "correlationVector":"BfTPpqqONaT7iCPWsCU0hs.30","action":"GetUpdates", "result":"DeleteReceived", "context":{"id":"fae2449e-a81b-4551-9786-255a64099a74", "isDeleted:":"true", "version":"1712322177724"}}
{"logTime": "1218/234127", "correlationVector":"BfTPpqqONaT7iCPWsCU0hs.31","action":"GetUpdates", "result":"DeleteReceived", "context":{"id":"c9b8c5b9-6ef3-447a-93a1-4b46c0fd712c", "isDeleted:":"true", "version":"1712322181228"}}
{"logTime": "1218/234127", "correlationVector":"BfTPpqqONaT7iCPWsCU0hs.32","action":"GetUpdates", "result":"DeleteReceived", "context":{"id":"e59da641-d2d7-465a-a203-d88a741491bf", "isDeleted:":"true", "version":"1712322298972"}}
{"logTime": "1218/234127", "correlationVector":"BfTPpqqONaT7iCPWsCU0hs.33","action":"GetUpdates", "result":"DeleteReceived", "context":{"id":"4d42184f-541c-4f2a-89ad-a48c9742a575", "isDeleted:":"true", "version":"1712322300260"}}
{"logTime": "1218/234127", "correlationVector":"BfTPpqqONaT7iCPWsCU0hs.34","action":"GetUpdates", "result":"DeleteReceived", "context":{"id":"fa291d88-b4f5-453c-ac53-ec152b1277e2", "isDeleted:":"true", "version":"1712322301387"}}
{"logTime": "1218/234127", "correlationVector":"BfTPpqqONaT7iCPWsCU0hs.35","action":"GetUpdates", "result":"DeleteReceived", "context":{"id":"4ca1360d-c28d-4eab-bc44-1f1e185fe87c", "isDeleted:":"true", "version":"1712322319790"}}
{"logTime": "1218/234127", "correlationVector":"BfTPpqqONaT7iCPWsCU0hs.36","action":"GetUpdates", "result":"DeleteReceived", "context":{"id":"201b7e14-e03b-4940-9ea7-d0541ea8d594", "isDeleted:":"true", "version":"1712597068171"}}
{"logTime": "1218/234127", "correlationVector":"BfTPpqqONaT7iCPWsCU0hs.37","action":"GetUpdates", "result":"DeleteReceived", "context":{"id":"2db74f05-27fc-4328-add7-01973521e2ae", "isDeleted:":"true", "version":"1712597069198"}}
{"logTime": "1218/234127", "correlationVector":"BfTPpqqONaT7iCPWsCU0hs.38","action":"GetUpdates", "result":"DeleteReceived", "context":{"id":"b8f9964e-0d22-446a-a9bf-840464cf928f", "isDeleted:":"true", "version":"1712597262045"}}
{"logTime": "1218/234127", "correlationVector":"BfTPpqqONaT7iCPWsCU0hs.39","action":"GetUpdates", "result":"DeleteReceived", "context":{"id":"a52bb546-81b0-4211-9644-190142360432", "isDeleted:":"true", "version":"1712597300704"}}
{"logTime": "1218/234127", "correlationVector":"BfTPpqqONaT7iCPWsCU0hs.40","action":"GetUpdates", "result":"DeleteReceived", "context":{"id":"d3e9941d-d6f8-48cf-895b-d2a5b6617534", "isDeleted:":"true", "version":"1712597301745"}}
{"logTime": "1218/234127", "correlationVector":"BfTPpqqONaT7iCPWsCU0hs.41","action":"GetUpdates", "result":"DeleteReceived", "context":{"id":"db5ddf6d-7ef9-478d-95eb-719d9c2dde94", "isDeleted:":"true", "version":"1712597302806"}}
{"logTime": "1218/234127", "correlationVector":"BfTPpqqONaT7iCPWsCU0hs.42","action":"GetUpdates", "result":"DeleteReceived", "context":{"id":"87a20f66-df00-455a-8092-2e279adfa350", "isDeleted:":"true", "version":"1712597303922"}}
{"logTime": "1218/234127", "correlationVector":"BfTPpqqONaT7iCPWsCU0hs.43","action":"GetUpdates", "result":"DeleteReceived", "context":{"id":"912fbafb-1a23-47be-a9f6-97e3ee9087c1", "isDeleted:":"true", "version":"1712597304964"}}
{"logTime": "1218/234127", "correlationVector":"BfTPpqqONaT7iCPWsCU0hs.44","action":"GetUpdates", "result":"DeleteReceived", "context":{"id":"fd69414a-b8cd-4609-bb7c-4dfbb7a83b69", "isDeleted:":"true", "version":"1712597306018"}}
{"logTime": "1218/234127", "correlationVector":"BfTPpqqONaT7iCPWsCU0hs.45","action":"GetUpdates", "result":"DeleteReceived", "context":{"id":"3dfdfa51-ac43-464e-8fa4-da2c931805f5", "isDeleted:":"true", "version":"1712597341844"}}
{"logTime": "1218/234127", "correlationVector":"BfTPpqqONaT7iCPWsCU0hs.46","action":"GetUpdates", "result":"DeleteReceived", "context":{"id":"a48e7520-e3ca-48be-a5c8-ddbd725c0c37", "isDeleted:":"true", "version":"1712865078687"}}
{"logTime": "1218/234127", "correlationVector":"BfTPpqqONaT7iCPWsCU0hs.47","action":"GetUpdates", "result":"DeleteReceived", "context":{"id":"a591e0b8-348b-44e7-9e59-4d95e4d628b1", "isDeleted:":"true", "version":"1713180255804"}}
{"logTime": "1218/234127", "correlationVector":"BfTPpqqONaT7iCPWsCU0hs.48","action":"GetUpdates", "result":"DeleteReceived", "context":{"id":"ab42ecaa-bf08-420a-8d15-65efe044ba0a", "isDeleted:":"true", "version":"1713180274222"}}
{"logTime": "1218/234127", "correlationVector":"BfTPpqqONaT7iCPWsCU0hs.49","action":"GetUpdates", "result":"DeleteReceived", "context":{"id":"e7fda473-6241-4163-b66d-26d1103aa75f", "isDeleted:":"true", "version":"1713180275669"}}
{"logTime": "1218/234127", "correlationVector":"BfTPpqqONaT7iCPWsCU0hs.50","action":"GetUpdates", "result":"DeleteReceived", "context":{"id":"eba4a484-0451-4edb-b082-767e0c46fbc3", "isDeleted:":"true", "version":"1713180279280"}}
{"logTime": "1218/234127", "correlationVector":"BfTPpqqONaT7iCPWsCU0hs.51","action":"GetUpdates", "result":"DeleteReceived", "context":{"id":"e77fc56e-cae8-43e8-87c6-be724ec046dd", "isDeleted:":"true", "version":"1713180297038"}}
{"logTime": "1218/234127", "correlationVector":"BfTPpqqONaT7iCPWsCU0hs.52","action":"GetUpdates", "result":"DeleteReceived", "context":{"id":"4eb7f8b4-7ae5-4553-a19a-c12b2569ee15", "isDeleted:":"true", "version":"1713180298044"}}
{"logTime": "1218/234127", "correlationVector":"BfTPpqqONaT7iCPWsCU0hs.53","action":"GetUpdates", "result":"DeleteReceived", "context":{"id":"51830db1-f8e4-4656-ab50-746a5fb07afc", "isDeleted:":"true", "version":"1713180299234"}}
{"logTime": "1218/234127", "correlationVector":"BfTPpqqONaT7iCPWsCU0hs.54","action":"GetUpdates", "result":"DeleteReceived", "context":{"id":"651105d9-fc1d-4389-89fc-0e8534f1f97e", "isDeleted:":"true", "version":"1713180300232"}}
{"logTime": "1218/234127", "correlationVector":"BfTPpqqONaT7iCPWsCU0hs.55","action":"GetUpdates", "result":"DeleteReceived", "context":{"id":"ed3a201f-98d8-45eb-80f4-3eea816db432", "isDeleted:":"true", "version":"1713180309320"}}
{"logTime": "1218/234127", "correlationVector":"BfTPpqqONaT7iCPWsCU0hs.56","action":"GetUpdates", "result":"DeleteReceived", "context":{"id":"0f3e44f6-a6cc-412e-b190-98d751a2617c", "isDeleted:":"true", "version":"1713375992619"}}
{"logTime": "1218/234127", "correlationVector":"BfTPpqqONaT7iCPWsCU0hs.57","action":"GetUpdates", "result":"DeleteReceived", "context":{"id":"a03319df-e9a5-488c-8208-a3a841a21502", "isDeleted:":"true", "version":"1713375995865"}}
{"logTime": "1218/234127", "correlationVector":"BfTPpqqONaT7iCPWsCU0hs.58","action":"GetUpdates", "result":"DeleteReceived", "context":{"id":"2179976c-4753-4251-ad33-323ebe93a52e", "isDeleted:":"true", "version":"1713375996866"}}
{"logTime": "1218/234127", "correlationVector":"BfTPpqqONaT7iCPWsCU0hs.59","action":"GetUpdates", "result":"DeleteReceived", "context":{"id":"72feb726-7ca3-47e0-a0f4-5b1090ba48c2", "isDeleted:":"true", "version":"1713376005182"}}
{"logTime": "1218/234127", "correlationVector":"BfTPpqqONaT7iCPWsCU0hs.60","action":"GetUpdates", "result":"DeleteReceived", "context":{"id":"a45505ab-ff77-420f-965e-76add2fb78fc", "isDeleted:":"true", "version":"1713398184313"}}
{"logTime": "1218/234127", "correlationVector":"BfTPpqqONaT7iCPWsCU0hs.61","action":"GetUpdates", "result":"DeleteReceived", "context":{"id":"06e4f95c-f06d-4597-a9a4-61b9c36cf2f5", "isDeleted:":"true", "version":"1713398219836"}}
{"logTime": "1218/234127", "correlationVector":"BfTPpqqONaT7iCPWsCU0hs.62","action":"GetUpdates", "result":"DeleteReceived", "context":{"id":"c31516f3-3fab-4780-949a-5d9990119528", "isDeleted:":"true", "version":"1713398337984"}}
{"logTime": "1218/234127", "correlationVector":"BfTPpqqONaT7iCPWsCU0hs.63","action":"GetUpdates", "result":"DeleteReceived", "context":{"id":"6c108ebf-25f2-4a0e-926a-4d319dc3eb5a", "isDeleted:":"true", "version":"1713398338955"}}
{"logTime": "1218/234127", "correlationVector":"BfTPpqqONaT7iCPWsCU0hs.64","action":"GetUpdates", "result":"DeleteReceived", "context":{"id":"d5ac66a3-c614-4322-97f0-ac2aabc8185b", "isDeleted:":"true", "version":"1713398339933"}}
{"logTime": "1218/234127", "correlationVector":"BfTPpqqONaT7iCPWsCU0hs.65","action":"GetUpdates", "result":"DeleteReceived", "context":{"id":"b68594db-03e6-42d7-9102-c08853bb95c6", "isDeleted:":"true", "version":"1713398340926"}}
{"logTime": "1218/234127", "correlationVector":"BfTPpqqONaT7iCPWsCU0hs.66","action":"GetUpdates", "result":"DeleteReceived", "context":{"id":"fbb57a47-abc3-4f91-8a17-b9c70e712d91", "isDeleted:":"true", "version":"1713398348251"}}
{"logTime": "1218/234127", "correlationVector":"BfTPpqqONaT7iCPWsCU0hs.67","action":"GetUpdates", "result":"DeleteReceived", "context":{"id":"f9c23677-45f5-4676-932f-7a7ba3eae9cc", "isDeleted:":"true", "version":"1713398368021"}}
{"logTime": "1218/234127", "correlationVector":"BfTPpqqONaT7iCPWsCU0hs.68","action":"GetUpdates", "result":"DeleteReceived", "context":{"id":"c6efa49a-23f9-4f0b-a7bd-481187eefc38", "isDeleted:":"true", "version":"1713398368987"}}
{"logTime": "1218/234127", "correlationVector":"BfTPpqqONaT7iCPWsCU0hs.69","action":"GetUpdates", "result":"DeleteReceived", "context":{"id":"ed064457-2d2c-43c3-9eea-f364889b3495", "isDeleted:":"true", "version":"1713398370059"}}
{"logTime": "1218/234127", "correlationVector":"BfTPpqqONaT7iCPWsCU0hs.70","action":"GetUpdates", "result":"DeleteReceived", "context":{"id":"ad56507a-ee93-4104-8505-772b0c18f288", "isDeleted:":"true", "version":"1713398371017"}}
{"logTime": "1218/234127", "correlationVector":"BfTPpqqONaT7iCPWsCU0hs.71","action":"GetUpdates", "result":"DeleteReceived", "context":{"id":"2ec03cbd-eb4d-43bc-9eea-d84f5c321cc6", "isDeleted:":"true", "version":"1713398372001"}}
{"logTime": "1218/234127", "correlationVector":"BfTPpqqONaT7iCPWsCU0hs.72","action":"GetUpdates", "result":"DeleteReceived", "context":{"id":"64eb05d7-7741-4ee7-8807-0c7331f86647", "isDeleted:":"true", "version":"1713398382437"}}
{"logTime": "1218/234127", "correlationVector":"BfTPpqqONaT7iCPWsCU0hs.73","action":"GetUpdates", "result":"DeleteReceived", "context":{"id":"3469a807-b5de-43ff-b184-4e8c1ddc78f4", "isDeleted:":"true", "version":"1713980708082"}}
{"logTime": "1218/234127", "correlationVector":"BfTPpqqONaT7iCPWsCU0hs.74","action":"GetUpdates", "result":"DeleteReceived", "context":{"id":"8e1c776c-6f63-4b46-9a07-95272674efa7", "isDeleted:":"true", "version":"1714492120803"}}
{"logTime": "1218/234127", "correlationVector":"BfTPpqqONaT7iCPWsCU0hs.75","action":"GetUpdates", "result":"DeleteReceived", "context":{"id":"7f5f080f-0d5b-4be7-bd07-111e2fd33e5e", "isDeleted:":"true", "version":"1714829821709"}}
{"logTime": "1218/234127", "correlationVector":"BfTPpqqONaT7iCPWsCU0hs.76","action":"GetUpdates", "result":"DeleteReceived", "context":{"id":"ff10d8b1-42de-44c2-bcc7-4e288ff593c7", "isDeleted:":"true", "version":"1714829823421"}}
{"logTime": "1218/234127", "correlationVector":"BfTPpqqONaT7iCPWsCU0hs.77","action":"GetUpdates", "result":"DeleteReceived", "context":{"id":"ba1a1b43-4418-43ef-9190-d968e47dcfe8", "isDeleted:":"true", "version":"1714829824426"}}
{"logTime": "1218/234127", "correlationVector":"BfTPpqqONaT7iCPWsCU0hs.78","action":"GetUpdates", "result":"DeleteReceived", "context":{"id":"e23341ce-a831-4460-b4d1-9a50f3fa5b03", "isDeleted:":"true", "version":"1714829825416"}}
{"logTime": "1218/234127", "correlationVector":"BfTPpqqONaT7iCPWsCU0hs.79","action":"GetUpdates", "result":"DeleteReceived", "context":{"id":"7bdc6794-8345-4aa5-ad45-aac53a6db789", "isDeleted:":"true", "version":"1714829840643"}}
{"logTime": "1218/234127", "correlationVector":"BfTPpqqONaT7iCPWsCU0hs.80","action":"GetUpdates", "result":"DeleteReceived", "context":{"id":"2fa10651-5d04-413d-81c7-6411f41335a8", "isDeleted:":"true", "version":"1715168364196"}}
{"logTime": "1218/234127", "correlationVector":"BfTPpqqONaT7iCPWsCU0hs.81","action":"GetUpdates", "result":"DeleteReceived", "context":{"id":"6fc8e5a1-7e1c-4d70-b92a-4227128045bc", "isDeleted:":"true", "version":"1715168365239"}}
{"logTime": "1218/234127", "correlationVector":"BfTPpqqONaT7iCPWsCU0hs.82","action":"GetUpdates", "result":"DeleteReceived", "context":{"id":"3e4a6fae-2ee9-4c32-80ea-3ea40856cf91", "isDeleted:":"true", "version":"1715168415405"}}
{"logTime": "1218/234127", "correlationVector":"BfTPpqqONaT7iCPWsCU0hs.83","action":"GetUpdates", "result":"DeleteReceived", "context":{"id":"c2511c3d-a5fa-4f02-bc30-ace41387ab00", "isDeleted:":"true", "version":"1715168434745"}}
{"logTime": "1218/234127", "correlationVector":"BfTPpqqONaT7iCPWsCU0hs.84","action":"GetUpdates", "result":"DeleteReceived", "context":{"id":"f834429a-af02-45e9-9d0b-c0c4e36b9027", "isDeleted:":"true", "version":"1715168435733"}}
{"logTime": "1218/234127", "correlationVector":"BfTPpqqONaT7iCPWsCU0hs.85","action":"GetUpdates", "result":"DeleteReceived", "context":{"id":"84cd361f-2416-46fb-8282-8bc045e958af", "isDeleted:":"true", "version":"1715185557881"}}
{"logTime": "1218/234127", "correlationVector":"BfTPpqqONaT7iCPWsCU0hs.86","action":"GetUpdates", "result":"DeleteReceived", "context":{"id":"0a523459-ad27-43c8-ab62-8d465b1be20b", "isDeleted:":"true", "version":"1715185558906"}}
{"logTime": "1218/234127", "correlationVector":"BfTPpqqONaT7iCPWsCU0hs.87","action":"GetUpdates", "result":"DeleteReceived", "context":{"id":"d1ff5e05-aa2f-4c80-afc7-5d9d4f5b0a60", "isDeleted:":"true", "version":"1715185559884"}}
{"logTime": "1218/234127", "correlationVector":"BfTPpqqONaT7iCPWsCU0hs.88","action":"GetUpdates", "result":"DeleteReceived", "context":{"id":"c4f4b185-2be8-4dcd-8110-ac5b80ecf135", "isDeleted:":"true", "version":"1715185560912"}}
{"logTime": "1218/234127", "correlationVector":"BfTPpqqONaT7iCPWsCU0hs.89","action":"GetUpdates", "result":"DeleteReceived", "context":{"id":"ad18f193-d03e-481b-9a55-16c0066650d5", "isDeleted:":"true", "version":"1715185562969"}}
{"logTime": "1218/234127", "correlationVector":"BfTPpqqONaT7iCPWsCU0hs.90","action":"GetUpdates", "result":"DeleteReceived", "context":{"id":"dd3cb8af-3502-48e6-b4a5-3f1e632c5efb", "isDeleted:":"true", "version":"1715185608467"}}
{"logTime": "1218/234127", "correlationVector":"BfTPpqqONaT7iCPWsCU0hs.91","action":"GetUpdates", "result":"DeleteReceived", "context":{"id":"ef0013c4-bca8-4af1-9d13-94abe79e6d1f", "isDeleted:":"true", "version":"1715947968290"}}
{"logTime": "1218/234127", "correlationVector":"BfTPpqqONaT7iCPWsCU0hs.92","action":"GetUpdates", "result":"DeleteReceived", "context":{"id":"b6747b2d-3795-4716-bce4-d8d04a12cf09", "isDeleted:":"true", "version":"1716813284529"}}
{"logTime": "1218/234127", "correlationVector":"BfTPpqqONaT7iCPWsCU0hs.93","action":"GetUpdates", "result":"DeleteReceived", "context":{"id":"c104b5a3-ecc9-43d7-8214-8943b31da12b", "isDeleted:":"true", "version":"1716813319945"}}
{"logTime": "1218/234127", "correlationVector":"BfTPpqqONaT7iCPWsCU0hs.94","action":"GetUpdates", "result":"DeleteReceived", "context":{"id":"9f095cef-66ec-4f49-8bf2-8e7cf7ff8f30", "isDeleted:":"true", "version":"1716813354265"}}
{"logTime": "1218/234127", "correlationVector":"BfTPpqqONaT7iCPWsCU0hs.95","action":"GetUpdates", "result":"DeleteReceived", "context":{"id":"4e75355d-3161-4c18-a586-1b2077da94e1", "isDeleted:":"true", "version":"1716813357850"}}
{"logTime": "1218/234127", "correlationVector":"BfTPpqqONaT7iCPWsCU0hs.96","action":"GetUpdates", "result":"DeleteReceived", "context":{"id":"b330e7ec-dfcd-4fa6-8109-ecc97773ce00", "isDeleted:":"true", "version":"1716813358857"}}
{"logTime": "1218/234127", "correlationVector":"BfTPpqqONaT7iCPWsCU0hs.97","action":"GetUpdates", "result":"DeleteReceived", "context":{"id":"2d829467-546a-4079-ad63-a6be41b5d5b6", "isDeleted:":"true", "version":"1716813359907"}}
{"logTime": "1218/234127", "correlationVector":"BfTPpqqONaT7iCPWsCU0hs.98","action":"GetUpdates", "result":"DeleteReceived", "context":{"id":"5d40871d-0ddb-4193-b646-bf17ccd6dc3d", "isDeleted:":"true", "version":"1716813360915"}}
{"logTime": "1218/234127", "correlationVector":"BfTPpqqONaT7iCPWsCU0hs.99","action":"GetUpdates", "result":"DeleteReceived", "context":{"id":"f0d9c1a4-db77-487f-babf-55c74707b850", "isDeleted:":"true", "version":"1716813362036"}}
{"logTime": "1218/234127", "correlationVector":"BfTPpqqONaT7iCPWsCU0hs.100","action":"GetUpdates", "result":"DeleteReceived", "context":{"id":"c3e4461a-3975-46b8-ad20-0c7555ee7efa", "isDeleted:":"true", "version":"1716813366101"}}
{"logTime": "1218/234127", "correlationVector":"BfTPpqqONaT7iCPWsCU0hs.101","action":"GetUpdates", "result":"DeleteReceived", "context":{"id":"857a0d5c-ef7a-4b90-8167-649e797dff04", "isDeleted:":"true", "version":"1716887159460"}}
{"logTime": "1218/234127", "correlationVector":"BfTPpqqONaT7iCPWsCU0hs.102","action":"GetUpdates", "result":"DeleteReceived", "context":{"id":"ac5b932e-2fe1-4cf4-8a03-bc23e550447c", "isDeleted:":"true", "version":"1717789722635"}}
{"logTime": "1218/234127", "correlationVector":"BfTPpqqONaT7iCPWsCU0hs.103","action":"GetUpdates", "result":"DeleteReceived", "context":{"id":"5b2c42af-660e-42b5-8e7e-fa0e914f1c5f", "isDeleted:":"true", "version":"1717853025432"}}
{"logTime": "1218/234127", "correlationVector":"BfTPpqqONaT7iCPWsCU0hs.104","action":"GetUpdates", "result":"DeleteReceived", "context":{"id":"f4e15e9f-99e4-4c6b-8c20-8af541e75f33", "isDeleted:":"true", "version":"1717853026388"}}
{"logTime": "1218/234127", "correlationVector":"BfTPpqqONaT7iCPWsCU0hs.105","action":"GetUpdates", "result":"DeleteReceived", "context":{"id":"6fa8bd7e-6ccd-4140-8d72-68d35d26fee9", "isDeleted:":"true", "version":"1717853027372"}}
{"logTime": "1218/234127", "correlationVector":"BfTPpqqONaT7iCPWsCU0hs.106","action":"GetUpdates", "result":"DeleteReceived", "context":{"id":"ca50fd3c-c5c8-4178-b87f-8a56cae9832b", "isDeleted:":"true", "version":"1717853028314"}}
{"logTime": "1218/234127", "correlationVector":"BfTPpqqONaT7iCPWsCU0hs.107","action":"GetUpdates", "result":"DeleteReceived", "context":{"id":"1fb608a8-46f6-442c-a3d0-1cce3ff07136", "isDeleted:":"true", "version":"1717853029281"}}
{"logTime": "1218/234127", "correlationVector":"BfTPpqqONaT7iCPWsCU0hs.108","action":"GetUpdates", "result":"DeleteReceived", "context":{"id":"2534479f-50d6-4141-b456-8bf2bb6e6b10", "isDeleted:":"true", "version":"1717853040010"}}
{"logTime": "1218/234127", "correlationVector":"BfTPpqqONaT7iCPWsCU0hs.109","action":"GetUpdates", "result":"DeleteReceived", "context":{"id":"38300f06-6fc8-4bb6-adce-eaf54fecb73f", "isDeleted:":"true", "version":"1717853040999"}}
{"logTime": "1218/234127", "correlationVector":"BfTPpqqONaT7iCPWsCU0hs.110","action":"GetUpdates", "result":"DeleteReceived", "context":{"id":"dc5ea07a-ad1d-41cf-a948-008ab8cea859", "isDeleted:":"true", "version":"1717853041960"}}
{"logTime": "1218/234127", "correlationVector":"BfTPpqqONaT7iCPWsCU0hs.111","action":"GetUpdates", "result":"DeleteReceived", "context":{"id":"05d31e1f-ee92-45d1-bd24-c6e786bc6695", "isDeleted:":"true", "version":"1717853042896"}}
{"logTime": "1218/234127", "correlationVector":"BfTPpqqONaT7iCPWsCU0hs.112","action":"GetUpdates", "result":"DeleteReceived", "context":{"id":"adad2bae-55e6-44e8-9423-5621535d9165", "isDeleted:":"true", "version":"1717853043854"}}
{"logTime": "1218/234127", "correlationVector":"BfTPpqqONaT7iCPWsCU0hs.113","action":"GetUpdates", "result":"DeleteReceived", "context":{"id":"16e682b4-4033-46f5-945c-02a378d69a7a", "isDeleted:":"true", "version":"1717853044803"}}
{"logTime": "1218/234127", "correlationVector":"BfTPpqqONaT7iCPWsCU0hs.114","action":"GetUpdates", "result":"DeleteReceived", "context":{"id":"3aba902d-12a8-47c6-ab24-1a9742f75c21", "isDeleted:":"true", "version":"1717853047190"}}
{"logTime": "1218/234127", "correlationVector":"BfTPpqqONaT7iCPWsCU0hs.115","action":"GetUpdates", "result":"DeleteReceived", "context":{"id":"df788227-7da6-4f9e-b9bc-5a9dd53457c7", "isDeleted:":"true", "version":"1717853048557"}}
{"logTime": "1218/234127", "correlationVector":"BfTPpqqONaT7iCPWsCU0hs.116","action":"GetUpdates", "result":"DeleteReceived", "context":{"id":"ac05d309-1d3c-4154-a3c0-4f1525e39dfd", "isDeleted:":"true", "version":"1717853049512"}}
{"logTime": "1218/234127", "correlationVector":"BfTPpqqONaT7iCPWsCU0hs.117","action":"GetUpdates", "result":"DeleteReceived", "context":{"id":"62e9b71b-0d4b-4608-bb4d-897f90e2e7df", "isDeleted:":"true", "version":"1717853051011"}}
{"logTime": "1218/234127", "correlationVector":"BfTPpqqONaT7iCPWsCU0hs.118","action":"GetUpdates", "result":"DeleteReceived", "context":{"id":"5b87d570-7fe3-4b5f-9834-37f77abf8928", "isDeleted:":"true", "version":"1717853051980"}}
{"logTime": "1218/234127", "correlationVector":"BfTPpqqONaT7iCPWsCU0hs.119","action":"GetUpdates", "result":"DeleteReceived", "context":{"id":"bd5424e4-2356-4b0c-9f4c-985d3206e3f3", "isDeleted:":"true", "version":"1717853053863"}}
{"logTime": "1218/234127", "correlationVector":"BfTPpqqONaT7iCPWsCU0hs.120","action":"GetUpdates", "result":"DeleteReceived", "context":{"id":"8676ce8b-2518-40d9-a5f9-679c6e3e4a81", "isDeleted:":"true", "version":"1717853061337"}}
{"logTime": "1218/234127", "correlationVector":"BfTPpqqONaT7iCPWsCU0hs.121","action":"GetUpdates", "result":"DeleteReceived", "context":{"id":"ab706757-03ff-46ec-9b48-c34196599c55", "isDeleted:":"true", "version":"1717853123865"}}
{"logTime": "1218/234127", "correlationVector":"BfTPpqqONaT7iCPWsCU0hs.122","action":"GetUpdates", "result":"DeleteReceived", "context":{"id":"9a5cf36f-0edc-480b-9702-7b808c97978d", "isDeleted:":"true", "version":"1717853124818"}}
{"logTime": "1218/234127", "correlationVector":"BfTPpqqONaT7iCPWsCU0hs.123","action":"GetUpdates", "result":"DeleteReceived", "context":{"id":"d679d7b5-cbcb-4bd9-b9e3-2c8d08ef5a17", "isDeleted:":"true", "version":"1717853125742"}}
{"logTime": "1218/234127", "correlationVector":"BfTPpqqONaT7iCPWsCU0hs.124","action":"GetUpdates", "result":"DeleteReceived", "context":{"id":"4bd0b29b-f670-4e5d-8c1d-800b86747088", "isDeleted:":"true", "version":"1717853149479"}}
{"logTime": "1218/234127", "correlationVector":"BfTPpqqONaT7iCPWsCU0hs.125","action":"GetUpdates", "result":"DeleteReceived", "context":{"id":"328d5a2b-faf0-4fc1-bb5a-d5b8bcd76efc", "isDeleted:":"true", "version":"1718113081588"}}
{"logTime": "1218/234127", "correlationVector":"BfTPpqqONaT7iCPWsCU0hs.126","action":"GetUpdates", "result":"DeleteReceived", "context":{"id":"7962a544-d53f-4b1c-84e3-06bb9c20c9bc", "isDeleted:":"true", "version":"1718390670444"}}
{"logTime": "1218/234127", "correlationVector":"BfTPpqqONaT7iCPWsCU0hs.127","action":"GetUpdates", "result":"DeleteReceived", "context":{"id":"e0ffeea3-df0f-4d56-98f8-3185da530ddf", "isDeleted:":"true", "version":"1718974860543"}}
{"logTime": "1218/234127", "correlationVector":"BfTPpqqONaT7iCPWsCU0hs.128","action":"GetUpdates", "result":"DeleteReceived", "context":{"id":"8b775cf7-46b7-4556-903a-1397a0b0bbbc", "isDeleted:":"true", "version":"1719419310545"}}
{"logTime": "1218/234127", "correlationVector":"BfTPpqqONaT7iCPWsCU0hs.129","action":"GetUpdates", "result":"DeleteReceived", "context":{"id":"fb1ebc14-aff0-4cf1-85b7-7d28128f113b", "isDeleted:":"true", "version":"1719419311592"}}
{"logTime": "1218/234127", "correlationVector":"BfTPpqqONaT7iCPWsCU0hs.130","action":"GetUpdates", "result":"DeleteReceived", "context":{"id":"3c257d7f-b86c-4d6a-bb06-e3bd1e1f0a99", "isDeleted:":"true", "version":"1719419336824"}}
{"logTime": "1218/234127", "correlationVector":"BfTPpqqONaT7iCPWsCU0hs.131","action":"GetUpdates", "result":"DeleteReceived", "context":{"id":"00600cd2-6fec-4ff1-a966-e3a6d6f68a74", "isDeleted:":"true", "version":"1719476803372"}}
{"logTime": "1218/234127", "correlationVector":"BfTPpqqONaT7iCPWsCU0hs.132","action":"GetUpdates", "result":"DeleteReceived", "context":{"id":"e6cecf9f-5a86-4bd1-9c02-1f3b3a0a0d1b", "isDeleted:":"true", "version":"1720785717470"}}
{"logTime": "1218/234127", "correlationVector":"BfTPpqqONaT7iCPWsCU0hs.133","action":"GetUpdates", "result":"DeleteReceived", "context":{"id":"c9087121-3189-432d-b949-e92d2a058d2d", "isDeleted:":"true", "version":"1720785727505"}}
{"logTime": "1218/234127", "correlationVector":"BfTPpqqONaT7iCPWsCU0hs.134","action":"GetUpdates", "result":"DeleteReceived", "context":{"id":"ead3dc8d-a12c-4fcd-9026-f3cf07555eb0", "isDeleted:":"true", "version":"1721053926193"}}
{"logTime": "1218/234127", "correlationVector":"BfTPpqqONaT7iCPWsCU0hs.135","action":"GetUpdates", "result":"DeleteReceived", "context":{"id":"d59335d1-03f7-4bd4-80ac-ce09c47c399f", "isDeleted:":"true", "version":"1721285569049"}}
{"logTime": "1218/234127", "correlationVector":"BfTPpqqONaT7iCPWsCU0hs.136","action":"GetUpdates", "result":"DeleteReceived", "context":{"id":"8da1e564-b092-47da-9d17-f9f22e82808f", "isDeleted:":"true", "version":"1721669567440"}}
{"logTime": "1218/234127", "correlationVector":"BfTPpqqONaT7iCPWsCU0hs.137","action":"GetUpdates", "result":"DeleteReceived", "context":{"id":"b0b39138-c5bd-42a0-8d81-674e0dcd89bc", "isDeleted:":"true", "version":"1723131993480"}}
{"logTime": "1218/234127", "correlationVector":"BfTPpqqONaT7iCPWsCU0hs.138","action":"GetUpdates", "result":"DeleteReceived", "context":{"id":"483af849-8ae2-49af-a4c4-a84d8f292ee0", "isDeleted:":"true", "version":"1723132027883"}}
{"logTime": "1218/234127", "correlationVector":"BfTPpqqONaT7iCPWsCU0hs.139","action":"GetUpdates", "result":"DeleteReceived", "context":{"id":"c0c5b898-4ee7-4491-a032-624c6ad9754d", "isDeleted:":"true", "version":"1723141997960"}}
{"logTime": "1218/234127", "correlationVector":"BfTPpqqONaT7iCPWsCU0hs.140","action":"GetUpdates", "result":"DeleteReceived", "context":{"id":"cc3b1d0c-d67f-4867-bb86-836d3c23142b", "isDeleted:":"true", "version":"1723226297605"}}
{"logTime": "1218/234127", "correlationVector":"BfTPpqqONaT7iCPWsCU0hs.141","action":"GetUpdates", "result":"DeleteReceived", "context":{"id":"d49d3dec-12d4-4c54-8d56-f9d2ef1afe6c", "isDeleted:":"true", "version":"1723226298638"}}
{"logTime": "1218/234127", "correlationVector":"BfTPpqqONaT7iCPWsCU0hs.142","action":"GetUpdates", "result":"DeleteReceived", "context":{"id":"7eae14ae-491f-4ffe-95d7-3814391ee34f", "isDeleted:":"true", "version":"1723226316851"}}
{"logTime": "1218/234127", "correlationVector":"BfTPpqqONaT7iCPWsCU0hs.143","action":"GetUpdates", "result":"DeleteReceived", "context":{"id":"d3cc4d25-e14a-4765-9666-dba7513bc8be", "isDeleted:":"true", "version":"1724354372898"}}
{"logTime": "1218/234127", "correlationVector":"BfTPpqqONaT7iCPWsCU0hs.144","action":"GetUpdates", "result":"DeleteReceived", "context":{"id":"ddca0418-5577-45ff-a938-63ee0ded70e2", "isDeleted:":"true", "version":"1724682732776"}}
{"logTime": "1218/234127", "correlationVector":"BfTPpqqONaT7iCPWsCU0hs.145","action":"GetUpdates", "result":"DeleteReceived", "context":{"id":"ad8eba69-358a-408e-9b1a-af3f4890183c", "isDeleted:":"true", "version":"1724682755203"}}
{"logTime": "1218/234127", "correlationVector":"BfTPpqqONaT7iCPWsCU0hs.146","action":"GetUpdates", "result":"DeleteReceived", "context":{"id":"cc02ae9d-9d77-496b-9169-31a2603168b7", "isDeleted:":"true", "version":"1724682786994"}}
{"logTime": "1218/234127", "correlationVector":"BfTPpqqONaT7iCPWsCU0hs.147","action":"GetUpdates", "result":"DeleteReceived", "context":{"id":"bacff858-843a-4324-85ae-294d5e3840a7", "isDeleted:":"true", "version":"1724682818344"}}
{"logTime": "1218/234127", "correlationVector":"BfTPpqqONaT7iCPWsCU0hs.148","action":"GetUpdates", "result":"DeleteReceived", "context":{"id":"4eab120e-d706-4fd4-abff-fd51808aa597", "isDeleted:":"true", "version":"1724875733194"}}
{"logTime": "1218/234127", "correlationVector":"BfTPpqqONaT7iCPWsCU0hs.149","action":"GetUpdates Response", "result":"Success", "context":Received 250 update(s). cV=BfTPpqqONaT7iCPWsCU0hs.0;server=GENERAL01000028;cloudType=Consumer;environment=Prod_EastUS2_000e;migrationStage=NotStarted Some updates remain.}
{"logTime": "1218/234127", "correlationVector":"8xTe9AkFVYcx1qVxVZtk2m","action":"Initial GetUpdates", "result":"", "context":Reason: NEWLY_SUPPORTED_DATATYPE. cV=8xTe9AkFVYcx1qVxVZtk2m}
{"logTime": "1218/234129", "correlationVector":"8xTe9AkFVYcx1qVxVZtk2m.1","action":"SyncServerConnectionManagerRequest", "result":"SYNC_SERVER_OK", "context":{"environment":"Prod_EastUS2_000e", "migrationStage":"NotStarted", "server":"GENERAL0100002J"}}
{"logTime": "1218/234129", "correlationVector":"8xTe9AkFVYcx1qVxVZtk2m.2","action":"GetUpdates Response", "result":"Success", "context":Received 250 update(s). cV=8xTe9AkFVYcx1qVxVZtk2m.0;server=GENERAL0100002J;cloudType=Consumer;environment=Prod_EastUS2_000e;migrationStage=NotStarted Some updates remain.}
{"logTime": "1218/234129", "correlationVector":"u1ulr+aAXz1YKasI0WkoPb","action":"Initial GetUpdates", "result":"", "context":Reason: NEWLY_SUPPORTED_DATATYPE. cV=u1ulr+aAXz1YKasI0WkoPb}
{"logTime": "1218/234130", "correlationVector":"u1ulr+aAXz1YKasI0WkoPb.1","action":"SyncServerConnectionManagerRequest", "result":"SYNC_SERVER_OK", "context":{"environment":"Prod_EastUS2_000e", "migrationStage":"NotStarted", "server":"GENERAL0100001R"}}
{"logTime": "1218/234130", "correlationVector":"u1ulr+aAXz1YKasI0WkoPb.2","action":"GetUpdates Response", "result":"Success", "context":Received 250 update(s). cV=u1ulr+aAXz1YKasI0WkoPb.0;server=GENERAL0100001R;cloudType=Consumer;environment=Prod_EastUS2_000e;migrationStage=NotStarted Some updates remain.}
{"logTime": "1218/234130", "correlationVector":"4cYDvS2lxg21oUidso75hb","action":"Initial GetUpdates", "result":"", "context":Reason: NEWLY_SUPPORTED_DATATYPE. cV=4cYDvS2lxg21oUidso75hb}
{"logTime": "1218/234132", "correlationVector":"4cYDvS2lxg21oUidso75hb.1","action":"SyncServerConnectionManagerRequest", "result":"SYNC_SERVER_OK", "context":{"environment":"Prod_EastUS2_000e", "migrationStage":"NotStarted", "server":"GENERAL0100002W"}}
{"logTime": "1218/234132", "correlationVector":"4cYDvS2lxg21oUidso75hb.2","action":"GetUpdates", "result":"DeleteReceived", "context":{"id":"7ada49c2-3ea0-4830-8f95-4c008027cc7c", "isDeleted:":"true", "version":"1726081854972"}}
{"logTime": "1218/234132", "correlationVector":"4cYDvS2lxg21oUidso75hb.3","action":"GetUpdates", "result":"DeleteReceived", "context":{"id":"8fc6d7d1-10e5-453a-b127-0a1c6c711adc", "isDeleted:":"true", "version":"1726081861495"}}
{"logTime": "1218/234132", "correlationVector":"4cYDvS2lxg21oUidso75hb.4","action":"GetUpdates", "result":"DeleteReceived", "context":{"id":"7811f127-906c-46ce-839c-2ff93bae00fc", "isDeleted:":"true", "version":"1726081862568"}}
{"logTime": "1218/234132", "correlationVector":"4cYDvS2lxg21oUidso75hb.5","action":"GetUpdates", "result":"DeleteReceived", "context":{"id":"42d6b383-e502-4ea7-a487-1a238a14a931", "isDeleted:":"true", "version":"1726081866416"}}
{"logTime": "1218/234132", "correlationVector":"4cYDvS2lxg21oUidso75hb.6","action":"GetUpdates", "result":"DeleteReceived", "context":{"id":"0866be12-8001-402a-9c92-4110b5c1f186", "isDeleted:":"true", "version":"1726171924963"}}
{"logTime": "1218/234132", "correlationVector":"4cYDvS2lxg21oUidso75hb.7","action":"GetUpdates", "result":"DeleteReceived", "context":{"id":"027b0d28-ebf5-4378-b6ca-7b658a6ff9a4", "isDeleted:":"true", "version":"1726604661135"}}
{"logTime": "1218/234132", "correlationVector":"4cYDvS2lxg21oUidso75hb.8","action":"GetUpdates", "result":"DeleteReceived", "context":{"id":"148e70eb-e454-4452-a466-c6ac2cf5391e", "isDeleted:":"true", "version":"1726766491494"}}
{"logTime": "1218/234132", "correlationVector":"4cYDvS2lxg21oUidso75hb.9","action":"GetUpdates", "result":"DeleteReceived", "context":{"id":"f38fc60d-c15d-420d-9f9b-ba7d4917f976", "isDeleted:":"true", "version":"1726766494899"}}
{"logTime": "1218/234132", "correlationVector":"4cYDvS2lxg21oUidso75hb.10","action":"GetUpdates", "result":"DeleteReceived", "context":{"id":"e42262c7-f18c-43f3-91b2-50772474c4df", "isDeleted:":"true", "version":"1726766495902"}}
{"logTime": "1218/234132", "correlationVector":"4cYDvS2lxg21oUidso75hb.11","action":"GetUpdates", "result":"DeleteReceived", "context":{"id":"31a6ee38-fcc3-4d02-9983-d7c6272ce785", "isDeleted:":"true", "version":"1726766496878"}}
{"logTime": "1218/234132", "correlationVector":"4cYDvS2lxg21oUidso75hb.12","action":"GetUpdates", "result":"DeleteReceived", "context":{"id":"8928149f-928e-4fc7-a41c-aaac030edb4d", "isDeleted:":"true", "version":"1726766518920"}}
{"logTime": "1218/234132", "correlationVector":"4cYDvS2lxg21oUidso75hb.13","action":"GetUpdates", "result":"DeleteReceived", "context":{"id":"787da9f4-f002-42eb-9c25-b540195418a3", "isDeleted:":"true", "version":"1726768314799"}}
{"logTime": "1218/234132", "correlationVector":"4cYDvS2lxg21oUidso75hb.14","action":"GetUpdates", "result":"DeleteReceived", "context":{"id":"3e73771f-dc8f-4f35-9f93-fc5938727dd5", "isDeleted:":"true", "version":"1728414468366"}}
{"logTime": "1218/234132", "correlationVector":"4cYDvS2lxg21oUidso75hb.15","action":"GetUpdates", "result":"DeleteReceived", "context":{"id":"5db42982-1c7c-4380-95db-d90ab4c2c87b", "isDeleted:":"true", "version":"1728659625662"}}
{"logTime": "1218/234132", "correlationVector":"4cYDvS2lxg21oUidso75hb.16","action":"GetUpdates", "result":"DeleteReceived", "context":{"id":"2e49f51d-c273-44aa-bd37-1fca7c1fb51c", "isDeleted:":"true", "version":"1730114861857"}}
{"logTime": "1218/234132", "correlationVector":"4cYDvS2lxg21oUidso75hb.17","action":"GetUpdates", "result":"DeleteReceived", "context":{"id":"2fcf65f0-205b-4342-a99f-c1b383b2a5e4", "isDeleted:":"true", "version":"1730114862904"}}
{"logTime": "1218/234132", "correlationVector":"4cYDvS2lxg21oUidso75hb.18","action":"GetUpdates", "result":"DeleteReceived", "context":{"id":"6928eed3-92e7-458b-9d6e-5968b97d7942", "isDeleted:":"true", "version":"1730203953051"}}
{"logTime": "1218/234132", "correlationVector":"4cYDvS2lxg21oUidso75hb.19","action":"GetUpdates", "result":"DeleteReceived", "context":{"id":"e274001a-487e-443d-b369-3d8154b82fb3", "isDeleted:":"true", "version":"1730203974628"}}
{"logTime": "1218/234132", "correlationVector":"4cYDvS2lxg21oUidso75hb.20","action":"GetUpdates", "result":"DeleteReceived", "context":{"id":"1350b95e-bdf0-49f0-8b6d-492b6eec56d6", "isDeleted:":"true", "version":"1730203977043"}}
{"logTime": "1218/234132", "correlationVector":"4cYDvS2lxg21oUidso75hb.21","action":"GetUpdates", "result":"DeleteReceived", "context":{"id":"dfb003fb-82cc-42bd-b6cf-857eb40f6e12", "isDeleted:":"true", "version":"1730203978191"}}
{"logTime": "1218/234132", "correlationVector":"4cYDvS2lxg21oUidso75hb.22","action":"GetUpdates", "result":"DeleteReceived", "context":{"id":"c64631a3-5418-4010-a2ee-6ead475652d8", "isDeleted:":"true", "version":"1730203980286"}}
{"logTime": "1218/234132", "correlationVector":"4cYDvS2lxg21oUidso75hb.23","action":"GetUpdates", "result":"DeleteReceived", "context":{"id":"60e8dc6c-8a7d-4a6a-8c60-3c8640e553a8", "isDeleted:":"true", "version":"1730203995241"}}
{"logTime": "1218/234132", "correlationVector":"4cYDvS2lxg21oUidso75hb.24","action":"GetUpdates", "result":"DeleteReceived", "context":{"id":"a9669dd9-82e5-49be-9b83-d8ec94033c4e", "isDeleted:":"true", "version":"1730203996419"}}
{"logTime": "1218/234132", "correlationVector":"4cYDvS2lxg21oUidso75hb.25","action":"GetUpdates", "result":"DeleteReceived", "context":{"id":"d4db252a-2fef-4cea-b70d-03e5c73030a8", "isDeleted:":"true", "version":"1730203997565"}}
{"logTime": "1218/234132", "correlationVector":"4cYDvS2lxg21oUidso75hb.26","action":"GetUpdates", "result":"DeleteReceived", "context":{"id":"5599b919-36d3-4c10-9a46-e19294d55a54", "isDeleted:":"true", "version":"1730204000971"}}
{"logTime": "1218/234132", "correlationVector":"4cYDvS2lxg21oUidso75hb.27","action":"GetUpdates", "result":"DeleteReceived", "context":{"id":"c3a12369-44db-4f1b-80b7-8e652026a560", "isDeleted:":"true", "version":"1730231709786"}}
{"logTime": "1218/234132", "correlationVector":"4cYDvS2lxg21oUidso75hb.28","action":"GetUpdates", "result":"DeleteReceived", "context":{"id":"4c4467dd-cbaf-44cf-a17a-2f824c9304bd", "isDeleted:":"true", "version":"1730231711305"}}
{"logTime": "1218/234132", "correlationVector":"4cYDvS2lxg21oUidso75hb.29","action":"GetUpdates", "result":"DeleteReceived", "context":{"id":"8c20ba30-8e82-4111-a3f0-1b107d46e595", "isDeleted:":"true", "version":"1730231712349"}}
{"logTime": "1218/234132", "correlationVector":"4cYDvS2lxg21oUidso75hb.30","action":"GetUpdates", "result":"DeleteReceived", "context":{"id":"02e705f5-6b31-4dea-a73c-441e55325540", "isDeleted:":"true", "version":"1730231730387"}}
{"logTime": "1218/234132", "correlationVector":"4cYDvS2lxg21oUidso75hb.31","action":"GetUpdates", "result":"DeleteReceived", "context":{"id":"d2c0d504-aa09-4d36-98ba-df80d33090cd", "isDeleted:":"true", "version":"1730312776937"}}
{"logTime": "1218/234132", "correlationVector":"4cYDvS2lxg21oUidso75hb.32","action":"GetUpdates", "result":"DeleteReceived", "context":{"id":"4a933dec-6b29-42a5-ac7d-1bb096c22ed4", "isDeleted:":"true", "version":"1730312777905"}}
{"logTime": "1218/234132", "correlationVector":"4cYDvS2lxg21oUidso75hb.33","action":"GetUpdates", "result":"DeleteReceived", "context":{"id":"5ac2fd49-3603-4bd0-aef0-4323813d8f1f", "isDeleted:":"true", "version":"1730312791396"}}
{"logTime": "1218/234132", "correlationVector":"4cYDvS2lxg21oUidso75hb.34","action":"GetUpdates", "result":"DeleteReceived", "context":{"id":"d1c53639-aeb9-4ead-9cec-9d5a58297d2e", "isDeleted:":"true", "version":"1730988497331"}}
{"logTime": "1218/234132", "correlationVector":"4cYDvS2lxg21oUidso75hb.35","action":"GetUpdates", "result":"DeleteReceived", "context":{"id":"cacc9c44-9227-4359-a138-8bcd3ab76892", "isDeleted:":"true", "version":"1730988498342"}}
{"logTime": "1218/234132", "correlationVector":"4cYDvS2lxg21oUidso75hb.36","action":"GetUpdates", "result":"DeleteReceived", "context":{"id":"e73d74c2-a9e5-446d-91bc-7db260cc397d", "isDeleted:":"true", "version":"1730988503281"}}
{"logTime": "1218/234132", "correlationVector":"4cYDvS2lxg21oUidso75hb.37","action":"GetUpdates", "result":"DeleteReceived", "context":{"id":"a5f11ef9-3b53-4397-9d47-1b667621438e", "isDeleted:":"true", "version":"1730988545149"}}
{"logTime": "1218/234132", "correlationVector":"4cYDvS2lxg21oUidso75hb.38","action":"GetUpdates", "result":"DeleteReceived", "context":{"id":"2d70168e-a2ea-4ef1-a0fa-94c371d154f6", "isDeleted:":"true", "version":"1730992917847"}}
{"logTime": "1218/234132", "correlationVector":"4cYDvS2lxg21oUidso75hb.39","action":"GetUpdates", "result":"DeleteReceived", "context":{"id":"0eb065d8-4e0f-4c6d-be62-0de98c972405", "isDeleted:":"true", "version":"1730992918957"}}
{"logTime": "1218/234132", "correlationVector":"4cYDvS2lxg21oUidso75hb.40","action":"GetUpdates", "result":"DeleteReceived", "context":{"id":"05172647-a2f9-46fb-9a89-fa8834959e40", "isDeleted:":"true", "version":"1730992943732"}}
{"logTime": "1218/234132", "correlationVector":"4cYDvS2lxg21oUidso75hb.41","action":"GetUpdates", "result":"DeleteReceived", "context":{"id":"9d34e8ca-531b-47e1-a66f-6ee8c7708efe", "isDeleted:":"true", "version":"1731324485609"}}
{"logTime": "1218/234132", "correlationVector":"4cYDvS2lxg21oUidso75hb.42","action":"GetUpdates", "result":"DeleteReceived", "context":{"id":"383ed87c-0902-40fe-8680-d528c819c420", "isDeleted:":"true", "version":"1731324499053"}}
{"logTime": "1218/234132", "correlationVector":"4cYDvS2lxg21oUidso75hb.43","action":"GetUpdates", "result":"DeleteReceived", "context":{"id":"3ab91a5d-303a-4a0e-b90a-eade8f3059ae", "isDeleted:":"true", "version":"1732304282317"}}
{"logTime": "1218/234132", "correlationVector":"4cYDvS2lxg21oUidso75hb.44","action":"GetUpdates", "result":"DeleteReceived", "context":{"id":"14094697-12b5-4e34-a849-9295c7a6c0af", "isDeleted:":"true", "version":"1732304283425"}}
{"logTime": "1218/234132", "correlationVector":"4cYDvS2lxg21oUidso75hb.45","action":"GetUpdates", "result":"DeleteReceived", "context":{"id":"7ff1a160-b140-4370-a11c-3e3a6028ea5c", "isDeleted:":"true", "version":"1732304311141"}}
{"logTime": "1218/234132", "correlationVector":"4cYDvS2lxg21oUidso75hb.46","action":"GetUpdates", "result":"DeleteReceived", "context":{"id":"66e083bf-2fe0-41de-a65e-c6cdc73a9287", "isDeleted:":"true", "version":"1733172550728"}}
{"logTime": "1218/234132", "correlationVector":"4cYDvS2lxg21oUidso75hb.47","action":"GetUpdates", "result":"DeleteReceived", "context":{"id":"6c8f68f1-0d6a-40dd-87c6-daae14753032", "isDeleted:":"true", "version":"1733172581107"}}
{"logTime": "1218/234132", "correlationVector":"4cYDvS2lxg21oUidso75hb.48","action":"GetUpdates", "result":"DeleteReceived", "context":{"id":"22d742c2-cb14-425a-81dd-53feaf482381", "isDeleted:":"true", "version":"1733172594816"}}
{"logTime": "1218/234132", "correlationVector":"4cYDvS2lxg21oUidso75hb.49","action":"GetUpdates", "result":"DeleteReceived", "context":{"id":"5b33e413-b6de-4d1e-8a34-504d01c1de26", "isDeleted:":"true", "version":"1733172595854"}}
{"logTime": "1218/234132", "correlationVector":"4cYDvS2lxg21oUidso75hb.50","action":"GetUpdates", "result":"DeleteReceived", "context":{"id":"6f566d51-e4aa-4d4f-88e2-84011339d868", "isDeleted:":"true", "version":"1733172613152"}}
{"logTime": "1218/234132", "correlationVector":"4cYDvS2lxg21oUidso75hb.51","action":"GetUpdates", "result":"DeleteReceived", "context":{"id":"5a1d42e8-b763-43ed-a0cb-9ffa20e2ae04", "isDeleted:":"true", "version":"1733172947538"}}
{"logTime": "1218/234132", "correlationVector":"4cYDvS2lxg21oUidso75hb.52","action":"GetUpdates", "result":"DeleteReceived", "context":{"id":"a7eeccfb-9426-4f87-9aab-1701ac1109b9", "isDeleted:":"true", "version":"1733172977552"}}
{"logTime": "1218/234132", "correlationVector":"4cYDvS2lxg21oUidso75hb.53","action":"GetUpdates", "result":"DeleteReceived", "context":{"id":"08357fbf-ce3e-408a-8e51-88a67a1abcf4", "isDeleted:":"true", "version":"1733172978585"}}
{"logTime": "1218/234132", "correlationVector":"4cYDvS2lxg21oUidso75hb.54","action":"GetUpdates", "result":"DeleteReceived", "context":{"id":"c0bf6327-61b6-4a29-9c50-b18f60bf5c00", "isDeleted:":"true", "version":"1733259256935"}}
{"logTime": "1218/234132", "correlationVector":"4cYDvS2lxg21oUidso75hb.55","action":"GetUpdates", "result":"DeleteReceived", "context":{"id":"f01179e6-8e4f-4c34-953e-89224ab3eda1", "isDeleted:":"true", "version":"1734370722339"}}
{"logTime": "1218/234132", "correlationVector":"4cYDvS2lxg21oUidso75hb.56","action":"GetUpdates", "result":"DeleteReceived", "context":{"id":"3464f125-ac43-48aa-a9cb-b818a42cd6f3", "isDeleted:":"true", "version":"1734370723323"}}
{"logTime": "1218/234132", "correlationVector":"4cYDvS2lxg21oUidso75hb.57","action":"GetUpdates", "result":"DeleteReceived", "context":{"id":"72f62bfd-13f4-4875-88df-3334e9e49add", "isDeleted:":"true", "version":"1734370724413"}}
{"logTime": "1218/234132", "correlationVector":"4cYDvS2lxg21oUidso75hb.58","action":"GetUpdates", "result":"DeleteReceived", "context":{"id":"fb2a5e25-0d8d-4343-8ff8-7e7b55eee25a", "isDeleted:":"true", "version":"1734526425316"}}
{"logTime": "1218/234132", "correlationVector":"4cYDvS2lxg21oUidso75hb.59","action":"GetUpdates", "result":"DeleteReceived", "context":{"id":"01f9dd83-da25-4fd9-b183-e7b7c059e5cf", "isDeleted:":"true", "version":"1734526564518"}}
{"logTime": "1218/234132", "correlationVector":"4cYDvS2lxg21oUidso75hb.60","action":"GetUpdates", "result":"DeleteReceived", "context":{"id":"558dcac4-8134-4253-85fa-a8ce07029ccc", "isDeleted:":"true", "version":"1734533210241"}}
{"logTime": "1218/234132", "correlationVector":"4cYDvS2lxg21oUidso75hb.61","action":"GetUpdates Response", "result":"Success", "context":Received 185 update(s). cV=4cYDvS2lxg21oUidso75hb.0;server=GENERAL0100002W;cloudType=Consumer;environment=Prod_EastUS2_000e;migrationStage=NotStarted}
{"logTime": "1218/234132", "correlationVector":"5wCTteRfP+FJqttlsGK1Wr","action":"Initial GetUpdates", "result":"", "context":Reason: NEWLY_SUPPORTED_DATATYPE. cV=5wCTteRfP+FJqttlsGK1Wr}
{"logTime": "1218/234133", "correlationVector":"5wCTteRfP+FJqttlsGK1Wr.1","action":"SyncServerConnectionManagerRequest", "result":"SYNC_SERVER_OK", "context":{"environment":"Prod_EastUS2_000e", "migrationStage":"NotStarted", "server":"GENERAL01000014"}}
{"logTime": "1218/234133", "correlationVector":"5wCTteRfP+FJqttlsGK1Wr.2","action":"GetUpdates Response", "result":"Success", "context":Received 250 update(s). cV=5wCTteRfP+FJqttlsGK1Wr.0;server=GENERAL01000014;cloudType=Consumer;environment=Prod_EastUS2_000e;migrationStage=NotStarted Some updates remain.}
{"logTime": "1218/234133", "correlationVector":"ZwPw+nsKIUWwBZYEpuNSll","action":"Initial GetUpdates", "result":"", "context":Reason: NEWLY_SUPPORTED_DATATYPE. cV=ZwPw+nsKIUWwBZYEpuNSll}
{"logTime": "1218/234135", "correlationVector":"ZwPw+nsKIUWwBZYEpuNSll.1","action":"SyncServerConnectionManagerRequest", "result":"SYNC_SERVER_OK", "context":{"environment":"Prod_EastUS2_000e", "migrationStage":"NotStarted", "server":"GENERAL0100001L"}}
{"logTime": "1218/234135", "correlationVector":"ZwPw+nsKIUWwBZYEpuNSll.2","action":"GetUpdates", "result":"DeleteReceived", "context":{"id":"1d93c6c4-bda4-4bd0-b13c-22735c199fdf", "isDeleted:":"true", "version":"1709557857464"}}
{"logTime": "1218/234135", "correlationVector":"ZwPw+nsKIUWwBZYEpuNSll.3","action":"GetUpdates", "result":"DeleteReceived", "context":{"id":"d0230a5e-9689-42b6-a07c-1133fef85e79", "isDeleted:":"true", "version":"1709557857465"}}
{"logTime": "1218/234135", "correlationVector":"ZwPw+nsKIUWwBZYEpuNSll.4","action":"GetUpdates", "result":"DeleteReceived", "context":{"id":"4212c80c-6e6b-4854-921e-62810d7ec814", "isDeleted:":"true", "version":"1709557857466"}}
{"logTime": "1218/234135", "correlationVector":"ZwPw+nsKIUWwBZYEpuNSll.5","action":"GetUpdates", "result":"DeleteReceived", "context":{"id":"dcaef5be-cf1f-4d03-8485-96e443274da6", "isDeleted:":"true", "version":"1709557857467"}}
{"logTime": "1218/234135", "correlationVector":"ZwPw+nsKIUWwBZYEpuNSll.6","action":"GetUpdates", "result":"DeleteReceived", "context":{"id":"bffcfe35-8b54-4c1f-8972-faceabdc828a", "isDeleted:":"true", "version":"1709833318151"}}
{"logTime": "1218/234135", "correlationVector":"ZwPw+nsKIUWwBZYEpuNSll.7","action":"GetUpdates", "result":"DeleteReceived", "context":{"id":"1ddf5175-317c-47a6-9863-9b06fa88b99b", "isDeleted:":"true", "version":"1711457441414"}}
{"logTime": "1218/234135", "correlationVector":"ZwPw+nsKIUWwBZYEpuNSll.8","action":"GetUpdates Response", "result":"Success", "context":Received 250 update(s). cV=ZwPw+nsKIUWwBZYEpuNSll.0;server=GENERAL0100001L;cloudType=Consumer;environment=Prod_EastUS2_000e;migrationStage=NotStarted Some updates remain.}
{"logTime": "1218/234135", "correlationVector":"C62F+jy63JGnp377xf5QAw","action":"Initial GetUpdates", "result":"", "context":Reason: NEWLY_SUPPORTED_DATATYPE. cV=C62F+jy63JGnp377xf5QAw}
{"logTime": "1218/234135", "correlationVector":"C62F+jy63JGnp377xf5QAw.1","action":"SyncServerConnectionManagerRequest", "result":"SYNC_SERVER_OK", "context":{"environment":"Prod_EastUS2_000e", "migrationStage":"NotStarted", "server":"GENERAL01000008"}}
{"logTime": "1218/234135", "correlationVector":"C62F+jy63JGnp377xf5QAw.2","action":"GetUpdates", "result":"DeleteReceived", "context":{"id":"4f552330-b4ae-49b2-aab8-1a89a727f054", "isDeleted:":"true", "version":"1714656784765"}}
{"logTime": "1218/234135", "correlationVector":"C62F+jy63JGnp377xf5QAw.3","action":"GetUpdates", "result":"DeleteReceived", "context":{"id":"ca9aecb1-9ecc-47e1-8690-e5ac21d1a5af", "isDeleted:":"true", "version":"1714656787978"}}
{"logTime": "1218/234135", "correlationVector":"C62F+jy63JGnp377xf5QAw.4","action":"GetUpdates", "result":"DeleteReceived", "context":{"id":"3e052a62-9d56-4940-a144-40a20d1624bc", "isDeleted:":"true", "version":"1715003790624"}}
{"logTime": "1218/234135", "correlationVector":"C62F+jy63JGnp377xf5QAw.5","action":"GetUpdates", "result":"DeleteReceived", "context":{"id":"7495eb0e-79b1-4b0a-bd37-37aa89a30cb7", "isDeleted:":"true", "version":"1715023761696"}}
{"logTime": "1218/234135", "correlationVector":"C62F+jy63JGnp377xf5QAw.6","action":"GetUpdates", "result":"DeleteReceived", "context":{"id":"00aba85a-5c31-4e3e-b457-8987df6b20c6", "isDeleted:":"true", "version":"1715365685069"}}
{"logTime": "1218/234135", "correlationVector":"C62F+jy63JGnp377xf5QAw.7","action":"GetUpdates", "result":"DeleteReceived", "context":{"id":"409bff39-3c8f-4650-b0e6-d37fd25de087", "isDeleted:":"true", "version":"1716493884851"}}
{"logTime": "1218/234135", "correlationVector":"C62F+jy63JGnp377xf5QAw.8","action":"GetUpdates", "result":"DeleteReceived", "context":{"id":"9af1438e-f011-4e04-aefd-b9221c49734a", "isDeleted:":"true", "version":"1716493905940"}}
{"logTime": "1218/234135", "correlationVector":"C62F+jy63JGnp377xf5QAw.9","action":"GetUpdates", "result":"DeleteReceived", "context":{"id":"65c48c1a-6dee-4f20-bc8e-245714777f41", "isDeleted:":"true", "version":"1716493914906"}}
{"logTime": "1218/234135", "correlationVector":"C62F+jy63JGnp377xf5QAw.10","action":"GetUpdates", "result":"DeleteReceived", "context":{"id":"fed3fdd1-69f8-46fb-bd5e-694fe98f2f59", "isDeleted:":"true", "version":"1716493921285"}}
{"logTime": "1218/234135", "correlationVector":"C62F+jy63JGnp377xf5QAw.11","action":"GetUpdates", "result":"DeleteReceived", "context":{"id":"9cfe7072-a403-43d2-abda-767fe888ad2c", "isDeleted:":"true", "version":"1716564633787"}}
{"logTime": "1218/234135", "correlationVector":"C62F+jy63JGnp377xf5QAw.12","action":"GetUpdates", "result":"DeleteReceived", "context":{"id":"9a6ef63f-9cb5-482a-8447-31f5cccf2463", "isDeleted:":"true", "version":"1716838019188"}}
{"logTime": "1218/234135", "correlationVector":"C62F+jy63JGnp377xf5QAw.13","action":"GetUpdates", "result":"DeleteReceived", "context":{"id":"5dec8a5f-60bd-47dd-86c4-fc4556d2effc", "isDeleted:":"true", "version":"1716838040437"}}
{"logTime": "1218/234135", "correlationVector":"C62F+jy63JGnp377xf5QAw.14","action":"GetUpdates", "result":"DeleteReceived", "context":{"id":"4e586d71-28b8-473d-93b3-9495edc60efd", "isDeleted:":"true", "version":"1719848829640"}}
{"logTime": "1218/234135", "correlationVector":"C62F+jy63JGnp377xf5QAw.15","action":"GetUpdates", "result":"DeleteReceived", "context":{"id":"51a03c44-440b-46d6-aca9-22a19249b6e8", "isDeleted:":"true", "version":"1729181162705"}}
{"logTime": "1218/234135", "correlationVector":"C62F+jy63JGnp377xf5QAw.16","action":"GetUpdates", "result":"DeleteReceived", "context":{"id":"d1f9508e-aa07-4e38-b953-47a3ce645c10", "isDeleted:":"true", "version":"1730465752390"}}
{"logTime": "1218/234135", "correlationVector":"C62F+jy63JGnp377xf5QAw.17","action":"GetUpdates", "result":"DeleteReceived", "context":{"id":"d7d20a76-60ed-45c2-b3e6-72b2a9a5b4e8", "isDeleted:":"true", "version":"1730465752391"}}
{"logTime": "1218/234135", "correlationVector":"C62F+jy63JGnp377xf5QAw.18","action":"GetUpdates", "result":"DeleteReceived", "context":{"id":"347c10ff-bd89-4618-99f2-288d9ad5075e", "isDeleted:":"true", "version":"1730465752392"}}
{"logTime": "1218/234135", "correlationVector":"C62F+jy63JGnp377xf5QAw.19","action":"GetUpdates", "result":"DeleteReceived", "context":{"id":"dfb46cd8-d6d6-401b-8187-e8b7174e3b82", "isDeleted:":"true", "version":"1730465752393"}}
{"logTime": "1218/234135", "correlationVector":"C62F+jy63JGnp377xf5QAw.20","action":"GetUpdates", "result":"DeleteReceived", "context":{"id":"33b82ba0-0773-4365-9deb-3dd8aacd7641", "isDeleted:":"true", "version":"1730465752394"}}
{"logTime": "1218/234135", "correlationVector":"C62F+jy63JGnp377xf5QAw.21","action":"GetUpdates", "result":"DeleteReceived", "context":{"id":"155042b6-fae9-4be8-a716-3cc5c50c92f7", "isDeleted:":"true", "version":"1730465752395"}}
{"logTime": "1218/234135", "correlationVector":"C62F+jy63JGnp377xf5QAw.22","action":"GetUpdates", "result":"DeleteReceived", "context":{"id":"2a8a9523-9f6f-4ed7-814f-724f19532452", "isDeleted:":"true", "version":"1730465752396"}}
{"logTime": "1218/234135", "correlationVector":"C62F+jy63JGnp377xf5QAw.23","action":"GetUpdates", "result":"DeleteReceived", "context":{"id":"59095af7-5c78-4925-9563-a65230a568e1", "isDeleted:":"true", "version":"1732220282764"}}
{"logTime": "1218/234135", "correlationVector":"C62F+jy63JGnp377xf5QAw.24","action":"GetUpdates", "result":"DeleteReceived", "context":{"id":"8cc9eed4-4cfa-4d93-8c63-a2b3afef8b58", "isDeleted:":"true", "version":"1732220282765"}}
{"logTime": "1218/234135", "correlationVector":"C62F+jy63JGnp377xf5QAw.25","action":"GetUpdates", "result":"DeleteReceived", "context":{"id":"ee96a081-4bbd-4e91-8be4-c49ebc5301b2", "isDeleted:":"true", "version":"1732220282766"}}
{"logTime": "1218/234135", "correlationVector":"C62F+jy63JGnp377xf5QAw.26","action":"GetUpdates", "result":"DeleteReceived", "context":{"id":"1e2fabc8-418c-4a65-8939-da1cc476b202", "isDeleted:":"true", "version":"1732220282767"}}
{"logTime": "1218/234135", "correlationVector":"C62F+jy63JGnp377xf5QAw.27","action":"GetUpdates", "result":"DeleteReceived", "context":{"id":"3caf36cb-dfc5-45b1-a22e-9dc450d28782", "isDeleted:":"true", "version":"1732220338251"}}
{"logTime": "1218/234135", "correlationVector":"C62F+jy63JGnp377xf5QAw.28","action":"GetUpdates", "result":"DeleteReceived", "context":{"id":"f5179539-9575-42fe-9d97-3e5c14a9cc48", "isDeleted:":"true", "version":"1732220361413"}}
{"logTime": "1218/234135", "correlationVector":"C62F+jy63JGnp377xf5QAw.29","action":"GetUpdates Response", "result":"Success", "context":Received 130 update(s). cV=C62F+jy63JGnp377xf5QAw.0;server=GENERAL01000008;cloudType=Consumer;environment=Prod_EastUS2_000e;migrationStage=NotStarted}
{"logTime": "1218/234135", "correlationVector":"y3K5ZrSeZJWVwhURG+NxE2","action":"Initial GetUpdates", "result":"", "context":Reason: NEWLY_SUPPORTED_DATATYPE. cV=y3K5ZrSeZJWVwhURG+NxE2}
{"logTime": "1218/234137", "correlationVector":"y3K5ZrSeZJWVwhURG+NxE2.1","action":"SyncServerConnectionManagerRequest", "result":"SYNC_SERVER_OK", "context":{"environment":"Prod_EastUS2_000e", "migrationStage":"NotStarted", "server":"GENERAL0100000H"}}
{"logTime": "1218/234137", "correlationVector":"y3K5ZrSeZJWVwhURG+NxE2.2","action":"GetUpdates Response", "result":"Success", "context":Received 250 update(s). cV=y3K5ZrSeZJWVwhURG+NxE2.0;server=GENERAL0100000H;cloudType=Consumer;environment=Prod_EastUS2_000e;migrationStage=NotStarted Some updates remain.}
{"logTime": "1218/234137", "correlationVector":"Ii+GdSu9BiPD92Lg6j3T8E","action":"Initial GetUpdates", "result":"", "context":Reason: NEWLY_SUPPORTED_DATATYPE. cV=Ii+GdSu9BiPD92Lg6j3T8E}
{"logTime": "1218/234138", "correlationVector":"Ii+GdSu9BiPD92Lg6j3T8E.1","action":"SyncServerConnectionManagerRequest", "result":"SYNC_SERVER_OK", "context":{"environment":"Prod_EastUS2_000e", "migrationStage":"NotStarted", "server":"GENERAL0100000C"}}
{"logTime": "1218/234138", "correlationVector":"Ii+GdSu9BiPD92Lg6j3T8E.2","action":"GetUpdates Response", "result":"Success", "context":Received 250 update(s). cV=Ii+GdSu9BiPD92Lg6j3T8E.0;server=GENERAL0100000C;cloudType=Consumer;environment=Prod_EastUS2_000e;migrationStage=NotStarted Some updates remain.}
{"logTime": "1218/234138", "correlationVector":"J2AtInIWfYAjHuc9uczEAv","action":"Initial GetUpdates", "result":"", "context":Reason: NEWLY_SUPPORTED_DATATYPE. cV=J2AtInIWfYAjHuc9uczEAv}
{"logTime": "1218/234139", "correlationVector":"J2AtInIWfYAjHuc9uczEAv.1","action":"SyncServerConnectionManagerRequest", "result":"SYNC_SERVER_OK", "context":{"environment":"Prod_EastUS2_000e", "migrationStage":"NotStarted", "server":"GENERAL0100000H"}}
{"logTime": "1218/234139", "correlationVector":"J2AtInIWfYAjHuc9uczEAv.2","action":"GetUpdates Response", "result":"Success", "context":Received 250 update(s). cV=J2AtInIWfYAjHuc9uczEAv.0;server=GENERAL0100000H;cloudType=Consumer;environment=Prod_EastUS2_000e;migrationStage=NotStarted Some updates remain.}
{"logTime": "1218/234139", "correlationVector":"9LzEhclmJDgCtoRqbWXzgw","action":"Initial GetUpdates", "result":"", "context":Reason: NEWLY_SUPPORTED_DATATYPE. cV=9LzEhclmJDgCtoRqbWXzgw}
{"logTime": "1218/234140", "correlationVector":"9LzEhclmJDgCtoRqbWXzgw.1","action":"SyncServerConnectionManagerRequest", "result":"SYNC_SERVER_OK", "context":{"environment":"Prod_EastUS2_000e", "migrationStage":"NotStarted", "server":"GENERAL01000023"}}
{"logTime": "1218/234140", "correlationVector":"9LzEhclmJDgCtoRqbWXzgw.2","action":"GetUpdates Response", "result":"Success", "context":Received 250 update(s). cV=9LzEhclmJDgCtoRqbWXzgw.0;server=GENERAL01000023;cloudType=Consumer;environment=Prod_EastUS2_000e;migrationStage=NotStarted Some updates remain.}
{"logTime": "1218/234140", "correlationVector":"ZxaI2JiaJmmQVpNW/YWMFR","action":"Initial GetUpdates", "result":"", "context":Reason: NEWLY_SUPPORTED_DATATYPE. cV=ZxaI2JiaJmmQVpNW/YWMFR}
{"logTime": "1218/234141", "correlationVector":"ZxaI2JiaJmmQVpNW/YWMFR.1","action":"SyncServerConnectionManagerRequest", "result":"SYNC_SERVER_OK", "context":{"environment":"Prod_EastUS2_000e", "migrationStage":"NotStarted", "server":"GENERAL0100001B"}}
{"logTime": "1218/234141", "correlationVector":"ZxaI2JiaJmmQVpNW/YWMFR.2","action":"GetUpdates Response", "result":"Success", "context":Received 250 update(s). cV=ZxaI2JiaJmmQVpNW/YWMFR.0;server=GENERAL0100001B;cloudType=Consumer;environment=Prod_EastUS2_000e;migrationStage=NotStarted Some updates remain.}
{"logTime": "1218/234141", "correlationVector":"lI10KDkZgMZD1+2uulPITi","action":"Initial GetUpdates", "result":"", "context":Reason: NEWLY_SUPPORTED_DATATYPE. cV=lI10KDkZgMZD1+2uulPITi}
{"logTime": "1218/234142", "correlationVector":"lI10KDkZgMZD1+2uulPITi.1","action":"SyncServerConnectionManagerRequest", "result":"SYNC_SERVER_OK", "context":{"environment":"Prod_EastUS2_000e", "migrationStage":"NotStarted", "server":"GENERAL0100001B"}}
{"logTime": "1218/234142", "correlationVector":"lI10KDkZgMZD1+2uulPITi.2","action":"GetUpdates Response", "result":"Success", "context":Received 250 update(s). cV=lI10KDkZgMZD1+2uulPITi.0;server=GENERAL0100001B;cloudType=Consumer;environment=Prod_EastUS2_000e;migrationStage=NotStarted Some updates remain.}
{"logTime": "1218/234142", "correlationVector":"PLT8FHi6HIHHSmmVEm7pS2","action":"Initial GetUpdates", "result":"", "context":Reason: NEWLY_SUPPORTED_DATATYPE. cV=PLT8FHi6HIHHSmmVEm7pS2}
{"logTime": "1218/234142", "correlationVector":"PLT8FHi6HIHHSmmVEm7pS2.1","action":"SyncServerConnectionManagerRequest", "result":"SYNC_SERVER_OK", "context":{"environment":"Prod_EastUS2_000e", "migrationStage":"NotStarted", "server":"GENERAL0100000M"}}
{"logTime": "1218/234142", "correlationVector":"PLT8FHi6HIHHSmmVEm7pS2.2","action":"GetUpdates Response", "result":"Success", "context":Received 250 update(s). cV=PLT8FHi6HIHHSmmVEm7pS2.0;server=GENERAL0100000M;cloudType=Consumer;environment=Prod_EastUS2_000e;migrationStage=NotStarted Some updates remain.}
{"logTime": "1218/234142", "correlationVector":"LtZjMbL0QXOWU1BxfO8lCV","action":"Initial GetUpdates", "result":"", "context":Reason: NEWLY_SUPPORTED_DATATYPE. cV=LtZjMbL0QXOWU1BxfO8lCV}
{"logTime": "1218/234143", "correlationVector":"LtZjMbL0QXOWU1BxfO8lCV.1","action":"SyncServerConnectionManagerRequest", "result":"SYNC_SERVER_OK", "context":{"environment":"Prod_EastUS2_000e", "migrationStage":"NotStarted", "server":"GENERAL01000017"}}
{"logTime": "1218/234143", "correlationVector":"LtZjMbL0QXOWU1BxfO8lCV.2","action":"GetUpdates Response", "result":"Success", "context":Received 250 update(s). cV=LtZjMbL0QXOWU1BxfO8lCV.0;server=GENERAL01000017;cloudType=Consumer;environment=Prod_EastUS2_000e;migrationStage=NotStarted Some updates remain.}
{"logTime": "1218/234143", "correlationVector":"iF4/GhyRt1Jm30wlh47+PS","action":"Initial GetUpdates", "result":"", "context":Reason: NEWLY_SUPPORTED_DATATYPE. cV=iF4/GhyRt1Jm30wlh47+PS}
{"logTime": "1218/234144", "correlationVector":"iF4/GhyRt1Jm30wlh47+PS.1","action":"SyncServerConnectionManagerRequest", "result":"SYNC_SERVER_OK", "context":{"environment":"Prod_EastUS2_000e", "migrationStage":"NotStarted", "server":"GENERAL0100001B"}}
{"logTime": "1218/234144", "correlationVector":"iF4/GhyRt1Jm30wlh47+PS.2","action":"GetUpdates Response", "result":"Success", "context":Received 250 update(s). cV=iF4/GhyRt1Jm30wlh47+PS.0;server=GENERAL0100001B;cloudType=Consumer;environment=Prod_EastUS2_000e;migrationStage=NotStarted Some updates remain.}
{"logTime": "1218/234144", "correlationVector":"eQSZlRpDsnsohnwN2fTdlG","action":"Initial GetUpdates", "result":"", "context":Reason: NEWLY_SUPPORTED_DATATYPE. cV=eQSZlRpDsnsohnwN2fTdlG}
{"logTime": "1218/234145", "correlationVector":"eQSZlRpDsnsohnwN2fTdlG","action":"SyncServerConnectionManagerRequest", "result":"CONNECTION_UNAVAILABLE", "context":{"error_type":"net_error_code", "error_value":"-3"}}
